# ../../configure --enable-internal-stats --enable-experimental --enable-uvintra --enable-newentropy --enable-high-precision-mv --enable-sixteenth-subpel-uv --enable-enhanced-interp --enable-expanded-coef-context --enable-newintramodes --enable-adaptive-entropy --enable-newupdate --enable-pred-filter --enable-hybridtransform --enable-debug --disable-optimizations
Configuring selected codecs
  enabling vp8_encoder
  enabling vp8_decoder
Configuring for target 'x86_64-linux-gcc'
  enabling x86_64
  enabling runtime_cpu_detect
  enabling mmx
  enabling sse
  enabling sse2
  enabling sse3
  enabling ssse3
  enabling sse4_1
  using yasm
check_cflags -g
check_cc -g
BEGIN /tmp/vpx-conf-7467-26632.c
    1	int x;
END /tmp/vpx-conf-7467-26632.c
gcc -m64 -g -c -o /tmp/vpx-conf-7467-6795.o /tmp/vpx-conf-7467-26632.c
add_ldflags -g
check_cflags -D_FORTIFY_SOURCE=0
check_cc -D_FORTIFY_SOURCE=0
BEGIN /tmp/vpx-conf-7467-26632.c
    1	int x;
END /tmp/vpx-conf-7467-26632.c
gcc -m64 -g -D_FORTIFY_SOURCE=0 -c -o /tmp/vpx-conf-7467-6795.o /tmp/vpx-conf-7467-26632.c
check_cc
BEGIN /tmp/vpx-conf-7467-26632.c
    1	    unsigned int e = 'O'<<24 | '2'<<16 | 'B'<<8 | 'E';
END /tmp/vpx-conf-7467-26632.c
gcc -m64 -g -D_FORTIFY_SOURCE=0 -c -o /tmp/vpx-conf-7467-6795.o /tmp/vpx-conf-7467-26632.c
check_header unistd.h
check_cpp
BEGIN /tmp/vpx-conf-7467-26632.c
    1	#include "unistd.h"
    2	int x;
END /tmp/vpx-conf-7467-26632.c
gcc -m64 -g -D_FORTIFY_SOURCE=0 -E -o /tmp/vpx-conf-7467-6795.o /tmp/vpx-conf-7467-26632.c
check_cflags -Wall
check_cc -Wall
BEGIN /tmp/vpx-conf-7467-26632.c
    1	int x;
END /tmp/vpx-conf-7467-26632.c
gcc -m64 -g -D_FORTIFY_SOURCE=0 -D_LARGEFILE_SOURCE -D_FILE_OFFSET_BITS=64 -Wall -c -o /tmp/vpx-conf-7467-6795.o /tmp/vpx-conf-7467-26632.c
check_cflags -Wdeclaration-after-statement
check_cc -Wdeclaration-after-statement
BEGIN /tmp/vpx-conf-7467-26632.c
    1	int x;
END /tmp/vpx-conf-7467-26632.c
gcc -m64 -g -D_FORTIFY_SOURCE=0 -D_LARGEFILE_SOURCE -D_FILE_OFFSET_BITS=64 -Wall -Wdeclaration-after-statement -c -o /tmp/vpx-conf-7467-6795.o /tmp/vpx-conf-7467-26632.c
check_cflags -Wdisabled-optimization
check_cc -Wdisabled-optimization
BEGIN /tmp/vpx-conf-7467-26632.c
    1	int x;
END /tmp/vpx-conf-7467-26632.c
gcc -m64 -g -D_FORTIFY_SOURCE=0 -D_LARGEFILE_SOURCE -D_FILE_OFFSET_BITS=64 -Wall -Wdeclaration-after-statement -Wdisabled-optimization -c -o /tmp/vpx-conf-7467-6795.o /tmp/vpx-conf-7467-26632.c
check_cflags -Wpointer-arith
check_cc -Wpointer-arith
BEGIN /tmp/vpx-conf-7467-26632.c
    1	int x;
END /tmp/vpx-conf-7467-26632.c
gcc -m64 -g -D_FORTIFY_SOURCE=0 -D_LARGEFILE_SOURCE -D_FILE_OFFSET_BITS=64 -Wall -Wdeclaration-after-statement -Wdisabled-optimization -Wpointer-arith -c -o /tmp/vpx-conf-7467-6795.o /tmp/vpx-conf-7467-26632.c
check_cflags -Wtype-limits
check_cc -Wtype-limits
BEGIN /tmp/vpx-conf-7467-26632.c
    1	int x;
END /tmp/vpx-conf-7467-26632.c
gcc -m64 -g -D_FORTIFY_SOURCE=0 -D_LARGEFILE_SOURCE -D_FILE_OFFSET_BITS=64 -Wall -Wdeclaration-after-statement -Wdisabled-optimization -Wpointer-arith -Wtype-limits -c -o /tmp/vpx-conf-7467-6795.o /tmp/vpx-conf-7467-26632.c
check_cflags -Wcast-qual
check_cc -Wcast-qual
BEGIN /tmp/vpx-conf-7467-26632.c
    1	int x;
END /tmp/vpx-conf-7467-26632.c
gcc -m64 -g -D_FORTIFY_SOURCE=0 -D_LARGEFILE_SOURCE -D_FILE_OFFSET_BITS=64 -Wall -Wdeclaration-after-statement -Wdisabled-optimization -Wpointer-arith -Wtype-limits -Wcast-qual -c -o /tmp/vpx-conf-7467-6795.o /tmp/vpx-conf-7467-26632.c
check_cflags -Wno-unused-function
check_cc -Wno-unused-function
BEGIN /tmp/vpx-conf-7467-26632.c
    1	int x;
END /tmp/vpx-conf-7467-26632.c
gcc -m64 -g -D_FORTIFY_SOURCE=0 -D_LARGEFILE_SOURCE -D_FILE_OFFSET_BITS=64 -Wall -Wdeclaration-after-statement -Wdisabled-optimization -Wpointer-arith -Wtype-limits -Wcast-qual -Wno-unused-function -c -o /tmp/vpx-conf-7467-6795.o /tmp/vpx-conf-7467-26632.c
  enabling postproc
check_header stdio.h
check_cpp
BEGIN /tmp/vpx-conf-7467-26632.c
    1	#include "stdio.h"
    2	int x;
END /tmp/vpx-conf-7467-26632.c
gcc -m64 -g -D_FORTIFY_SOURCE=0 -D_LARGEFILE_SOURCE -D_FILE_OFFSET_BITS=64 -Wall -Wdeclaration-after-statement -Wdisabled-optimization -Wpointer-arith -Wtype-limits -Wcast-qual -Wno-unused-function -E -o /tmp/vpx-conf-7467-6795.o /tmp/vpx-conf-7467-26632.c
check_ld
check_cc
BEGIN /tmp/vpx-conf-7467-26632.c
    1	int main(void) {return 0;}
END /tmp/vpx-conf-7467-26632.c
gcc -m64 -g -D_FORTIFY_SOURCE=0 -D_LARGEFILE_SOURCE -D_FILE_OFFSET_BITS=64 -Wall -Wdeclaration-after-statement -Wdisabled-optimization -Wpointer-arith -Wtype-limits -Wcast-qual -Wno-unused-function -c -o /tmp/vpx-conf-7467-6795.o /tmp/vpx-conf-7467-26632.c
gcc -m64 -g -o /tmp/vpx-conf-7467-11786.x /tmp/vpx-conf-7467-6795.o
check_header stdint.h
check_cpp
BEGIN /tmp/vpx-conf-7467-26632.c
    1	#include "stdint.h"
    2	int x;
END /tmp/vpx-conf-7467-26632.c
gcc -m64 -g -D_FORTIFY_SOURCE=0 -D_LARGEFILE_SOURCE -D_FILE_OFFSET_BITS=64 -Wall -Wdeclaration-after-statement -Wdisabled-optimization -Wpointer-arith -Wtype-limits -Wcast-qual -Wno-unused-function -E -o /tmp/vpx-conf-7467-6795.o /tmp/vpx-conf-7467-26632.c
check_header pthread.h
check_cpp
BEGIN /tmp/vpx-conf-7467-26632.c
    1	#include "pthread.h"
    2	int x;
END /tmp/vpx-conf-7467-26632.c
gcc -m64 -g -D_FORTIFY_SOURCE=0 -D_LARGEFILE_SOURCE -D_FILE_OFFSET_BITS=64 -Wall -Wdeclaration-after-statement -Wdisabled-optimization -Wpointer-arith -Wtype-limits -Wcast-qual -Wno-unused-function -E -o /tmp/vpx-conf-7467-6795.o /tmp/vpx-conf-7467-26632.c
check_header sys/mman.h
check_cpp
BEGIN /tmp/vpx-conf-7467-26632.c
    1	#include "sys/mman.h"
    2	int x;
END /tmp/vpx-conf-7467-26632.c
gcc -m64 -g -D_FORTIFY_SOURCE=0 -D_LARGEFILE_SOURCE -D_FILE_OFFSET_BITS=64 -Wall -Wdeclaration-after-statement -Wdisabled-optimization -Wpointer-arith -Wtype-limits -Wcast-qual -Wno-unused-function -E -o /tmp/vpx-conf-7467-6795.o /tmp/vpx-conf-7467-26632.c
check_header vpx/vpx_integer.h -I../..
check_cpp -I../..
BEGIN /tmp/vpx-conf-7467-26632.c
    1	#include "vpx/vpx_integer.h"
    2	int x;
END /tmp/vpx-conf-7467-26632.c
gcc -m64 -g -D_FORTIFY_SOURCE=0 -D_LARGEFILE_SOURCE -D_FILE_OFFSET_BITS=64 -Wall -Wdeclaration-after-statement -Wdisabled-optimization -Wpointer-arith -Wtype-limits -Wcast-qual -Wno-unused-function -I../.. -E -o /tmp/vpx-conf-7467-6795.o /tmp/vpx-conf-7467-26632.c
